<?xml version="1.0" encoding="UTF-8"?>
<!-- Generated by org.testng.reporters.JUnitXMLReporter -->
<testsuite hostname="in-madhurvk-1" ignored="2" name="InteliAppTest" tests="2" failures="0" timestamp="25 Nov 2019 06:31:01 GMT" time="160.093" errors="0">
  <testcase name="createTicket" time="18.743" classname="com.apd.inteliserve.sanity.CreateTicket"/>
  <testcase name="homePageTesting" time="11.409" classname="com.apd.inteliserve.sanity.Home"/>
  <testcase name="@BeforeTest setEnvironmet" time="0.0" classname="com.apd.inteliserve.general.BaseTest">
    <ignored/>
  </testcase> <!-- @BeforeTest setEnvironmet -->
  <testcase name="@AfterTest endReport" time="0.0" classname="com.apd.inteliserve.general.BaseTest">
    <ignored/>
  </testcase> <!-- @AfterTest endReport -->
</testsuite> <!-- InteliAppTest -->
