<?xml version="1.0" encoding="UTF-8"?>
<!-- Generated by org.testng.reporters.JUnitXMLReporter -->
<testsuite hostname="in-madhurvk-1" ignored="2" name="Test" tests="2" failures="0" timestamp="25 Nov 2019 06:03:36 GMT" time="164.74" errors="0">
  <testcase name="createTicket" time="18.718" classname="scripts.CreateTicket"/>
  <testcase name="homePageTesting" time="12.797" classname="scripts.Home"/>
  <testcase name="@BeforeTest setEnvironmet" time="0.0" classname="generics.BaseClass">
    <ignored/>
  </testcase> <!-- @BeforeTest setEnvironmet -->
  <testcase name="@AfterTest endReport" time="0.0" classname="generics.BaseClass">
    <ignored/>
  </testcase> <!-- @AfterTest endReport -->
</testsuite> <!-- Test -->
