<?xml version="1.0" encoding="UTF-8"?>
<testsuite xmlns:xsi="http://www.w3.org/2001/XMLSchema-instance" xsi:schemaLocation="https://maven.apache.org/surefire/maven-surefire-plugin/xsd/surefire-test-report.xsd" name="TestSuite" time="164.122" tests="2" errors="0" skipped="0" failures="1">
  <properties>
[...]
</properties>
  <testcase name="createTicket" classname="scripts.CreateTicket" time="17.945"/>
  <testcase name="homePageTesting" classname="scripts.Home" time="12.621">
    <failure message="An element could not be located on the page using the given search parameters.&#10;For documentation on this error, please visit: https://www.seleniumhq.org/exceptions/no_such_element.html&#10;Build info: version: &apos;3.141.59&apos;, revision: &apos;e82be7d358&apos;, time: &apos;2018-11-14T08:17:03&apos;&#10;System info: host: &apos;IN-MADHURVK-1&apos;, ip: &apos;192.168.0.26&apos;, os.name: &apos;Windows 10&apos;, os.arch: &apos;amd64&apos;, os.version: &apos;10.0&apos;, java.version: &apos;1.8.0_231&apos;&#10;Driver info: io.appium.java_client.AppiumDriver&#10;Capabilities {appActivity: com.serviont.inteliapp.Main..., appPackage: com.serviont.inteliapp, databaseEnabled: false, desired: {appActivity: com.serviont.inteliapp.Main..., appPackage: com.serviont.inteliapp, deviceName: Honor 7X, platformName: android, platformVersion: 9, udid: NSM3Y18413029399}, deviceApiLevel: 28, deviceManufacturer: HUAWEI, deviceModel: BND-AL10, deviceName: NSM3Y18413029399, deviceScreenDensity: 480, deviceScreenSize: 1080x2160, deviceUDID: NSM3Y18413029399, javascriptEnabled: true, locationContextEnabled: false, networkConnectionEnabled: true, pixelRatio: 3, platform: LINUX, platformName: LINUX, platformVersion: 9, statBarHeight: 72, takesScreenshot: true, udid: NSM3Y18413029399, viewportRect: {height: 1966, left: 0, top: 72, width: 1080}, warnings: {}, webStorageEnabled: false}&#10;Session ID: 130af813-14c3-4c3e-8d4f-9ed1388b83ec&#10;*** Element info: {Using=xpath, value=//android.widget.RadioButton[@text=&apos;&apos;]}" type="org.openqa.selenium.NoSuchElementException">org.openqa.selenium.NoSuchElementException: 
An element could not be located on the page using the given search parameters.
For documentation on this error, please visit: https://www.seleniumhq.org/exceptions/no_such_element.html
Build info: version: '3.141.59', revision: 'e82be7d358', time: '2018-11-14T08:17:03'
System info: host: 'IN-MADHURVK-1', ip: '192.168.0.26', os.name: 'Windows 10', os.arch: 'amd64', os.version: '10.0', java.version: '1.8.0_231'
Driver info: io.appium.java_client.AppiumDriver
Capabilities {appActivity: com.serviont.inteliapp.Main..., appPackage: com.serviont.inteliapp, databaseEnabled: false, desired: {appActivity: com.serviont.inteliapp.Main..., appPackage: com.serviont.inteliapp, deviceName: Honor 7X, platformName: android, platformVersion: 9, udid: NSM3Y18413029399}, deviceApiLevel: 28, deviceManufacturer: HUAWEI, deviceModel: BND-AL10, deviceName: NSM3Y18413029399, deviceScreenDensity: 480, deviceScreenSize: 1080x2160, deviceUDID: NSM3Y18413029399, javascriptEnabled: true, locationContextEnabled: false, networkConnectionEnabled: true, pixelRatio: 3, platform: LINUX, platformName: LINUX, platformVersion: 9, statBarHeight: 72, takesScreenshot: true, udid: NSM3Y18413029399, viewportRect: {height: 1966, left: 0, top: 72, width: 1080}, warnings: {}, webStorageEnabled: false}
Session ID: 130af813-14c3-4c3e-8d4f-9ed1388b83ec
*** Element info: {Using=xpath, value=//android.widget.RadioButton[@text='']}
	at scripts.Home.homePageTesting(Home.java:23)
</failure>
    <system-err><![CDATA[Nov 23, 2019 7:37:08 AM io.appium.java_client.remote.AppiumCommandExecutor$1 lambda$0
INFO: Detected dialect: W3C
]]></system-err>
  </testcase>
</testsuite>