<?xml version="1.0" encoding="UTF-8"?>
<testng-results skipped="0" failed="0" ignored="2" total="4" passed="2">
  <reporter-output>
  </reporter-output>
  <suite name="Suite" duration-ms="164740" started-at="2019-11-25T06:00:52Z" finished-at="2019-11-25T06:03:36Z">
    <groups>
    </groups>
    <test name="Test" duration-ms="164740" started-at="2019-11-25T06:00:52Z" finished-at="2019-11-25T06:03:36Z">
      <class name="scripts.CreateTicket">
        <test-method status="PASS" signature="setEnvironmet()[pri:0, instance:scripts.CreateTicket@3cbbc1e0]" name="setEnvironmet" is-config="true" duration-ms="200" started-at="2019-11-25T06:00:52Z" finished-at="2019-11-25T06:00:52Z">
          <reporter-output>
          </reporter-output>
        </test-method> <!-- setEnvironmet -->
        <test-method status="PASS" signature="startApplication()[pri:0, instance:scripts.CreateTicket@3cbbc1e0]" name="startApplication" is-config="true" duration-ms="61008" started-at="2019-11-25T06:00:52Z" finished-at="2019-11-25T06:01:53Z">
          <reporter-output>
          </reporter-output>
        </test-method> <!-- startApplication -->
        <test-method status="PASS" signature="createTicket()[pri:0, instance:scripts.CreateTicket@3cbbc1e0]" name="createTicket" duration-ms="18718" started-at="2019-11-25T06:01:53Z" finished-at="2019-11-25T06:02:11Z">
          <reporter-output>
          </reporter-output>
        </test-method> <!-- createTicket -->
        <test-method status="PASS" signature="closeApplication(org.testng.ITestResult)[pri:0, instance:scripts.CreateTicket@3cbbc1e0]" name="closeApplication" is-config="true" duration-ms="6291" started-at="2019-11-25T06:02:11Z" finished-at="2019-11-25T06:02:18Z">
          <params>
            <param index="0">
              <value>
                <![CDATA[[TestResult name=createTicket status=SUCCESS method=CreateTicket.createTicket()[pri:0, instance:scripts.CreateTicket@3cbbc1e0] output={null}]]]>
              </value>
            </param>
          </params>
          <reporter-output>
          </reporter-output>
        </test-method> <!-- closeApplication -->
        <test-method status="PASS" signature="endReport()[pri:0, instance:scripts.CreateTicket@3cbbc1e0]" name="endReport" is-config="true" duration-ms="647" started-at="2019-11-25T06:03:36Z" finished-at="2019-11-25T06:03:36Z">
          <reporter-output>
          </reporter-output>
        </test-method> <!-- endReport -->
      </class> <!-- scripts.CreateTicket -->
      <class name="scripts.Home">
        <test-method status="PASS" signature="startApplication()[pri:0, instance:scripts.Home@35fb3008]" name="startApplication" is-config="true" duration-ms="58475" started-at="2019-11-25T06:02:18Z" finished-at="2019-11-25T06:03:16Z">
          <reporter-output>
          </reporter-output>
        </test-method> <!-- startApplication -->
        <test-method status="PASS" signature="homePageTesting()[pri:0, instance:scripts.Home@35fb3008]" name="homePageTesting" duration-ms="12797" started-at="2019-11-25T06:03:16Z" finished-at="2019-11-25T06:03:29Z">
          <reporter-output>
          </reporter-output>
        </test-method> <!-- homePageTesting -->
        <test-method status="PASS" signature="closeApplication(org.testng.ITestResult)[pri:0, instance:scripts.Home@35fb3008]" name="closeApplication" is-config="true" duration-ms="6578" started-at="2019-11-25T06:03:29Z" finished-at="2019-11-25T06:03:36Z">
          <params>
            <param index="0">
              <value>
                <![CDATA[[TestResult name=homePageTesting status=SUCCESS method=Home.homePageTesting()[pri:0, instance:scripts.Home@35fb3008] output={null}]]]>
              </value>
            </param>
          </params>
          <reporter-output>
          </reporter-output>
        </test-method> <!-- closeApplication -->
      </class> <!-- scripts.Home -->
    </test> <!-- Test -->
  </suite> <!-- Suite -->
</testng-results>
