<?xml version="1.0" encoding="UTF-8"?>
<testng-results skipped="0" failed="0" ignored="2" total="4" passed="2">
  <reporter-output>
  </reporter-output>
  <suite name="Suite" duration-ms="160093" started-at="2019-11-25T06:28:21Z" finished-at="2019-11-25T06:31:01Z">
    <groups>
    </groups>
    <test name="InteliAppTest" duration-ms="160093" started-at="2019-11-25T06:28:21Z" finished-at="2019-11-25T06:31:01Z">
      <class name="com.apd.inteliserve.sanity.CreateTicket">
        <test-method status="PASS" signature="setEnvironmet()[pri:0, instance:com.apd.inteliserve.sanity.CreateTicket@6fd02e5]" name="setEnvironmet" is-config="true" duration-ms="316" started-at="2019-11-25T06:28:21Z" finished-at="2019-11-25T06:28:21Z">
          <reporter-output>
          </reporter-output>
        </test-method> <!-- setEnvironmet -->
        <test-method status="PASS" signature="startApplication()[pri:0, instance:com.apd.inteliserve.sanity.CreateTicket@6fd02e5]" name="startApplication" is-config="true" duration-ms="58435" started-at="2019-11-25T06:28:22Z" finished-at="2019-11-25T06:29:20Z">
          <reporter-output>
          </reporter-output>
        </test-method> <!-- startApplication -->
        <test-method status="PASS" signature="createTicket()[pri:0, instance:com.apd.inteliserve.sanity.CreateTicket@6fd02e5]" name="createTicket" duration-ms="18743" started-at="2019-11-25T06:29:20Z" finished-at="2019-11-25T06:29:39Z">
          <reporter-output>
          </reporter-output>
        </test-method> <!-- createTicket -->
        <test-method status="PASS" signature="closeApplication(org.testng.ITestResult)[pri:0, instance:com.apd.inteliserve.sanity.CreateTicket@6fd02e5]" name="closeApplication" is-config="true" duration-ms="6291" started-at="2019-11-25T06:29:39Z" finished-at="2019-11-25T06:29:45Z">
          <params>
            <param index="0">
              <value>
                <![CDATA[[TestResult name=createTicket status=SUCCESS method=CreateTicket.createTicket()[pri:0, instance:com.apd.inteliserve.sanity.CreateTicket@6fd02e5] output={null}]]]>
              </value>
            </param>
          </params>
          <reporter-output>
          </reporter-output>
        </test-method> <!-- closeApplication -->
        <test-method status="PASS" signature="endReport()[pri:0, instance:com.apd.inteliserve.sanity.CreateTicket@6fd02e5]" name="endReport" is-config="true" duration-ms="519" started-at="2019-11-25T06:31:01Z" finished-at="2019-11-25T06:31:01Z">
          <reporter-output>
          </reporter-output>
        </test-method> <!-- endReport -->
      </class> <!-- com.apd.inteliserve.sanity.CreateTicket -->
      <class name="com.apd.inteliserve.sanity.Home">
        <test-method status="PASS" signature="startApplication()[pri:0, instance:com.apd.inteliserve.sanity.Home@5bcab519]" name="startApplication" is-config="true" duration-ms="57920" started-at="2019-11-25T06:29:45Z" finished-at="2019-11-25T06:30:43Z">
          <reporter-output>
          </reporter-output>
        </test-method> <!-- startApplication -->
        <test-method status="PASS" signature="homePageTesting()[pri:0, instance:com.apd.inteliserve.sanity.Home@5bcab519]" name="homePageTesting" duration-ms="11409" started-at="2019-11-25T06:30:43Z" finished-at="2019-11-25T06:30:54Z">
          <reporter-output>
          </reporter-output>
        </test-method> <!-- homePageTesting -->
        <test-method status="PASS" signature="closeApplication(org.testng.ITestResult)[pri:0, instance:com.apd.inteliserve.sanity.Home@5bcab519]" name="closeApplication" is-config="true" duration-ms="6398" started-at="2019-11-25T06:30:54Z" finished-at="2019-11-25T06:31:01Z">
          <params>
            <param index="0">
              <value>
                <![CDATA[[TestResult name=homePageTesting status=SUCCESS method=Home.homePageTesting()[pri:0, instance:com.apd.inteliserve.sanity.Home@5bcab519] output={null}]]]>
              </value>
            </param>
          </params>
          <reporter-output>
          </reporter-output>
        </test-method> <!-- closeApplication -->
      </class> <!-- com.apd.inteliserve.sanity.Home -->
    </test> <!-- InteliAppTest -->
  </suite> <!-- Suite -->
</testng-results>
